im from test-999111.xml file